128K_SeqRead: (g=0): rw=read, bs=(R) 128KiB-128KiB, (W) 128KiB-128KiB, (T) 128KiB-128KiB, ioengine=psync, iodepth=1
fio-3.36
Starting 1 process

128K_SeqRead: (groupid=0, jobs=1): err= 0: pid=113990: Thu Oct  1 16:30:16 2025
  read: IOPS=7551, BW=944MiB/s (990MB/s)(27.7GiB/30001msec)
    clat (usec): min=99, max=7711, avg=131.94, stdev=90.54
     lat (usec): min=99, max=7711, avg=131.99, stdev=90.55
    clat percentiles (usec):
     |  1.00th=[  109],  5.00th=[  113], 10.00th=[  115], 20.00th=[  117],
     | 30.00th=[  119], 40.00th=[  121], 50.00th=[  123], 60.00th=[  126],
     | 70.00th=[  129], 80.00th=[  137], 90.00th=[  155], 95.00th=[  169],
     | 99.00th=[  302], 99.50th=[  355], 99.90th=[  429], 99.95th=[  482],
     | 99.99th=[ 7570]
   bw (  KiB/s): min=862976, max=1036118, per=100.00%, avg=967505.36, stdev=40089.17, samples=59
   iops        : min= 6742, max= 8094, avg=7558.24, stdev=313.24, samples=59
  lat (usec)   : 100=0.01%, 250=98.60%, 500=1.36%, 750=0.02%, 1000=0.01%
  lat (msec)   : 2=0.01%, 4=0.01%, 10=0.01%
  cpu          : usr=0.84%, sys=9.79%, ctx=226569, majf=0, minf=51
  IO depths    : 1=100.0%, 2=0.0%, 4=0.0%, 8=0.0%, 16=0.0%, 32=0.0%, >=64=0.0%
     submit    : 0=0.0%, 4=100.0%, 8=0.0%, 16=0.0%, 32=0.0%, 64=0.0%, >=64=0.0%
     complete  : 0=0.0%, 4=100.0%, 8=0.0%, 16=0.0%, 32=0.0%, 64=0.0%, >=64=0.0%
     issued rwts: total=226564,0,0,0 short=0,0,0,0 dropped=0,0,0,0
     latency   : target=0, window=0, percentile=100.00%, depth=1

Run status group 0 (all jobs):
   READ: bw=944MiB/s (990MB/s), 944MiB/s-944MiB/s (990MB/s-990MB/s), io=27.7GiB (29.7GB), run=30001-30001msec

Disk stats (read/write):
  sdd: ios=226310/30, sectors=57926048/488, merge=0/28, ticks=26989/16, in_queue=27007, util=80.26%
