128K_SeqWrite: (g=0): rw=write, bs=(R) 128KiB-128KiB, (W) 128KiB-128KiB, (T) 128KiB-128KiB, ioengine=psync, iodepth=1
fio-3.36
Starting 1 process

128K_SeqWrite: (groupid=0, jobs=1): err= 0: pid=114221: Thu Oct  1 16:30:45 2025
  write: IOPS=3348, BW=419MiB/s (439MB/s)(12.3GiB/30001msec); 0 zone resets
    clat (usec): min=231, max=8093, avg=297.24, stdev=257.20
     lat (usec): min=231, max=8093, avg=297.88, stdev=257.22
    clat percentiles (usec):
     |  1.00th=[  241],  5.00th=[  255], 10.00th=[  260], 20.00th=[  265],
     | 30.00th=[  269], 40.00th=[  273], 50.00th=[  277], 60.00th=[  281],
     | 70.00th=[  289], 80.00th=[  306], 90.00th=[  326], 95.00th=[  343],
     | 99.00th=[  506], 99.50th=[  594], 99.90th=[ 5211], 99.95th=[ 7898],
     | 99.99th=[ 8029]
   bw (  KiB/s): min=398390, max=457472, per=100.00%, avg=429193.68, stdev=11675.40, samples=59
   iops        : min= 3112, max= 3574, avg=3352.81, stdev=91.27, samples=59
  lat (usec)   : 250=2.50%, 500=96.44%, 750=0.81%, 1000=0.05%
  lat (msec)   : 2=0.04%, 4=0.02%, 10=0.14%
  cpu          : usr=0.83%, sys=7.75%, ctx=100446, majf=0, minf=12
  IO depths    : 1=100.0%, 2=0.0%, 4=0.0%, 8=0.0%, 16=0.0%, 32=0.0%, >=64=0.0%
     submit    : 0=0.0%, 4=100.0%, 8=0.0%, 16=0.0%, 32=0.0%, 64=0.0%, >=64=0.0%
     complete  : 0=0.0%, 4=100.0%, 8=0.0%, 16=0.0%, 32=0.0%, 64=0.0%, >=64=0.0%
     issued rwts: total=0,100445,0,0 short=0,0,0,0 dropped=0,0,0,0
     latency   : target=0, window=0, percentile=100.00%, depth=1

Run status group 0 (all jobs):
  WRITE: bw=419MiB/s (439MB/s), 419MiB/s-419MiB/s (439MB/s-439MB/s), io=12.3GiB (13.2GB), run=30001-30001msec

Disk stats (read/write):
  sdd: ios=6/100196, sectors=48/25644256, merge=0/25, ticks=9/27442, in_queue=27454, util=87.40%
