4K_RandWrite: (g=0): rw=randwrite, bs=(R) 4096B-4096B, (W) 4096B-4096B, (T) 4096B-4096B, ioengine=psync, iodepth=1
fio-3.36
Starting 1 process

4K_RandWrite: (groupid=0, jobs=1): err= 0: pid=113759: Thu Oct  1 16:29:46 2025
  write: IOPS=4088, BW=16.0MiB/s (16.7MB/s)(479MiB/30001msec); 0 zone resets
    clat (usec): min=191, max=14617, avg=243.55, stdev=160.45
     lat (usec): min=191, max=14618, avg=243.68, stdev=160.45
    clat percentiles (usec):
     |  1.00th=[  208],  5.00th=[  215], 10.00th=[  219], 20.00th=[  221],
     | 30.00th=[  225], 40.00th=[  229], 50.00th=[  231], 60.00th=[  233],
     | 70.00th=[  239], 80.00th=[  249], 90.00th=[  273], 95.00th=[  285],
     | 99.00th=[  441], 99.50th=[  474], 99.90th=[  898], 99.95th=[ 5014],
     | 99.99th=[ 7701]
   bw (  KiB/s): min=14224, max=17317, per=100.00%, avg=16382.31, stdev=546.58, samples=59
   iops        : min= 3556, max= 4329, avg=4095.42, stdev=136.65, samples=59
  lat (usec)   : 250=80.39%, 500=19.26%, 750=0.23%, 1000=0.04%
  lat (msec)   : 2=0.02%, 4=0.01%, 10=0.05%, 20=0.01%
  cpu          : usr=0.76%, sys=8.17%, ctx=122645, majf=0, minf=12
  IO depths    : 1=100.0%, 2=0.0%, 4=0.0%, 8=0.0%, 16=0.0%, 32=0.0%, >=64=0.0%
     submit    : 0=0.0%, 4=100.0%, 8=0.0%, 16=0.0%, 32=0.0%, 64=0.0%, >=64=0.0%
     complete  : 0=0.0%, 4=100.0%, 8=0.0%, 16=0.0%, 32=0.0%, 64=0.0%, >=64=0.0%
     issued rwts: total=0,122646,0,0 short=0,0,0,0 dropped=0,0,0,0
     latency   : target=0, window=0, percentile=100.00%, depth=1

Run status group 0 (all jobs):
  WRITE: bw=16.0MiB/s (16.7MB/s), 16.0MiB/s-16.0MiB/s (16.7MB/s-16.7MB/s), io=479MiB (502MB), run=30001-30001msec

Disk stats (read/write):
  sdd: ios=0/122398, sectors=0/979424, merge=0/22, ticks=0/27170, in_queue=27174, util=86.22%
